<?xml version="1.0" encoding="UTF-8"?>
<!-- Generated by org.testng.reporters.JUnitReportReporter -->
<testsuite hostname="Sumaiya" name="tests.Guru99Test" tests="1" failures="0" timestamp="14 Jun 2019 18:35:32 GMT" time="76.669" errors="0">
  <testcase name="init" time="76.669" classname="tests.Guru99Test"/>
</testsuite> <!-- tests.Guru99Test -->
